0 info it worked if it ends with ok
1 verbose cli [ 'D:\\software\\web\\nodejs\\node.exe',
1 verbose cli   'C:\\Users\\Administrator.ZX-201605201026\\AppData\\Roaming\\npm\\node_modules\\npm\\bin\\npm-cli.js',
1 verbose cli   'run',
1 verbose cli   'dev' ]
2 info using npm@4.1.2
3 info using node@v6.9.4
4 verbose run-script [ 'predev', 'dev', 'postdev' ]
5 info lifecycle webpack-sample@1.0.0~predev: webpack-sample@1.0.0
6 silly lifecycle webpack-sample@1.0.0~predev: no script for predev, continuing
7 info lifecycle webpack-sample@1.0.0~dev: webpack-sample@1.0.0
8 verbose lifecycle webpack-sample@1.0.0~dev: unsafe-perm in lifecycle true
9 verbose lifecycle webpack-sample@1.0.0~dev: PATH: C:\Users\Administrator.ZX-201605201026\AppData\Roaming\npm\node_modules\npm\bin\node-gyp-bin;E:\code\web\2017\01\前端集成解决\webpack\webpack-sample\node_modules\.bin;C:\Program Files\Microsoft MPI\Bin\;D:\software\database\oracle\product\11.2.0\dbhome_1\bin;C:\WINDOWS\system32;C:\WINDOWS;C:\WINDOWS\System32\Wbem;C:\WINDOWS\System32\WindowsPowerShell\v1.0\;D:\software\jdk1.8.0_40\bin;C:\Program Files (x86)\Windows Kits\8.1\Windows Performance Toolkit\;C:\Program Files\Microsoft SQL Server\110\Tools\Binn\;D:\software\maven-3.3.9\apache-maven-3.3.9\bin;D:\software\database\mysql\mysql-5.7.16-winx64\bin;D:\software\github\Git\cmd;C:\Program Files (x86)\Microsoft SQL Server\130\Tools\Binn\;C:\Program Files\Microsoft SQL Server\130\Tools\Binn\;C:\Program Files (x86)\Microsoft SQL Server\130\DTS\Binn\;C:\Program Files\Microsoft SQL Server\130\DTS\Binn\;C:\Program Files\Microsoft SQL Server\Client SDK\ODBC\130\Tools\Binn\;C:\Program Files (x86)\Microsoft SQL Server\Client SDK\ODBC\130\Tools\Binn\;C:\Program Files (x86)\Microsoft SQL Server\130\Tools\Binn\ManagementStudio\;D:\software\javasoftware\svn\bin;D:\software\web\nodejs\;G:\Users\Administrator.ZX-201605201026\AppData\Local\Android\platform-tools;D:\software\github\Git\bin;C:\Users\Administrator.ZX-201605201026\AppData\Local\Microsoft\WindowsApps;C:\Users\Administrator.ZX-201605201026\AppData\Roaming\npm
10 verbose lifecycle webpack-sample@1.0.0~dev: CWD: E:\code\web\2017\01\前端集成解决\webpack\webpack-sample
11 silly lifecycle webpack-sample@1.0.0~dev: Args: [ '/d /s /c', 'webpack-dev-server ' ]
12 silly lifecycle webpack-sample@1.0.0~dev: Returned: code: 1  signal: null
13 info lifecycle webpack-sample@1.0.0~dev: Failed to exec dev script
14 verbose stack Error: webpack-sample@1.0.0 dev: `webpack-dev-server `
14 verbose stack Exit status 1
14 verbose stack     at EventEmitter.<anonymous> (C:\Users\Administrator.ZX-201605201026\AppData\Roaming\npm\node_modules\npm\lib\utils\lifecycle.js:279:16)
14 verbose stack     at emitTwo (events.js:106:13)
14 verbose stack     at EventEmitter.emit (events.js:191:7)
14 verbose stack     at ChildProcess.<anonymous> (C:\Users\Administrator.ZX-201605201026\AppData\Roaming\npm\node_modules\npm\lib\utils\spawn.js:40:14)
14 verbose stack     at emitTwo (events.js:106:13)
14 verbose stack     at ChildProcess.emit (events.js:191:7)
14 verbose stack     at maybeClose (internal/child_process.js:877:16)
14 verbose stack     at Process.ChildProcess._handle.onexit (internal/child_process.js:226:5)
15 verbose pkgid webpack-sample@1.0.0
16 verbose cwd E:\code\web\2017\01\前端集成解决\webpack\webpack-sample
17 error Windows_NT 10.0.14393
18 error argv "D:\\software\\web\\nodejs\\node.exe" "C:\\Users\\Administrator.ZX-201605201026\\AppData\\Roaming\\npm\\node_modules\\npm\\bin\\npm-cli.js" "run" "dev"
19 error node v6.9.4
20 error npm  v4.1.2
21 error code ELIFECYCLE
22 error webpack-sample@1.0.0 dev: `webpack-dev-server `
22 error Exit status 1
23 error Failed at the webpack-sample@1.0.0 dev script 'webpack-dev-server '.
23 error Make sure you have the latest version of node.js and npm installed.
23 error If you do, this is most likely a problem with the webpack-sample package,
23 error not with npm itself.
23 error Tell the author that this fails on your system:
23 error     webpack-dev-server
23 error You can get information on how to open an issue for this project with:
23 error     npm bugs webpack-sample
23 error Or if that isn't available, you can get their info via:
23 error     npm owner ls webpack-sample
23 error There is likely additional logging output above.
24 verbose exit [ 1, true ]
